<?xml version="1.0" encoding="UTF-8"?>
<!-- Generated by org.testng.reporters.JUnitReportReporter -->
<testsuite hostname="DESKTOP-DN4EF94" failures="0" tests="1" name="extentReports.ToAddScreenshotIntoReport" time="5.805" errors="0" timestamp="2025-01-22T11:38:49 IST" skipped="0">
  <testcase classname="extentReports.ToAddScreenshotIntoReport" name="addScreenshot" time="5.805"/>
  <system-out/>
</testsuite> <!-- extentReports.ToAddScreenshotIntoReport -->
