<?xml version="1.0" encoding="UTF-8"?>
<!-- Generated by org.testng.reporters.JUnitReportReporter -->
<testsuite hostname="DESKTOP-DN4EF94" failures="0" tests="1" name="com.qspiders.book.TC_DWS_001_Test" time="4.276" errors="0" timestamp="2025-01-29T11:42:25 IST" skipped="0">
  <testcase classname="com.qspiders.book.TC_DWS_001_Test" name="clickOnBooks" time="4.276"/>
  <system-out/>
</testsuite> <!-- com.qspiders.book.TC_DWS_001_Test -->
